<?xml version="1.0" encoding="UTF-8"?>
<!-- Generated by org.testng.reporters.JUnitXMLReporter -->
<testsuite hostname="TVMATP262875L" ignored="1" name="To Verify login page_viaproperties_flipkart" tests="2" failures="0" timestamp="19 Mar 2020 09:59:43 GMT" time="90.642" errors="0">
  <testcase name="performLoginExcel" time="41.884" classname="com.flip.testcases.VerifyFlipLogin"/>
  <testcase name="performLoginExcel" time="36.468" classname="com.flip.testcases.VerifyFlipLogin"/>
  <testcase name="performLogin" time="0.0" classname="com.flip.testcases.VerifyFlipLogin">
    <ignored/>
  </testcase> <!-- performLogin -->
</testsuite> <!-- To Verify login page_viaproperties_flipkart -->
